c:\users\user\desktop\color war\trunk\server\color_server_f\color_server\debug\vc120.pdb
c:\users\user\desktop\color war\trunk\server\color_server_f\color_server\debug\vc120.idb
c:\users\user\desktop\color war\trunk\server\color_server_f\color_server\debug\bmpmap.obj
c:\users\user\desktop\color war\trunk\server\color_server_f\color_server\debug\colorserver.obj
c:\users\user\desktop\color war\trunk\server\color_server_f\color_server\debug\fieldmanager.obj
c:\users\user\desktop\color war\trunk\server\color_server_f\color_server\debug\gameprotocol.obj
c:\users\user\desktop\color war\trunk\server\color_server_f\color_server\debug\iocp.obj
c:\users\user\desktop\color war\trunk\server\color_server_f\color_server\debug\buff.obj
c:\users\user\desktop\color war\trunk\server\color_server_f\color_server\debug\lobby.obj
c:\users\user\desktop\color war\trunk\server\color_server_f\color_server\debug\mapobject.obj
c:\users\user\desktop\color war\trunk\server\color_server_f\color_server\debug\monster.obj
c:\users\user\desktop\color war\trunk\server\color_server_f\color_server\debug\field.obj
c:\users\user\desktop\color war\trunk\server\color_server_f\color_server\debug\monstermanager.obj
c:\users\user\desktop\color war\trunk\server\color_server_f\color_server\debug\npc.obj
c:\users\user\desktop\color war\trunk\server\color_server_f\color_server\debug\npcmanager.obj
c:\users\user\desktop\color war\trunk\server\color_server_f\color_server\debug\object.obj
c:\users\user\desktop\color war\trunk\server\color_server_f\color_server\debug\skill.obj
c:\users\user\desktop\color war\trunk\server\color_server_f\color_server\debug\state.obj
c:\users\user\desktop\color war\trunk\server\color_server_f\color_server\debug\statemanager.obj
c:\users\user\desktop\color war\trunk\server\color_server_f\color_server\debug\user.obj
c:\users\user\desktop\color war\trunk\server\color_server_f\color_server\debug\usermanager.obj
c:\users\user\desktop\color war\trunk\server\color_server_f\debug\color_server.ilk
c:\users\user\desktop\color war\trunk\server\color_server_f\debug\color_server.exe
c:\users\user\desktop\color war\trunk\server\color_server_f\debug\color_server.pdb
c:\users\jeongwoo\desktop\color war\trunk\server\color_server_f\color_server\debug\bmpmap.obj
c:\users\jeongwoo\desktop\color war\trunk\server\color_server_f\color_server\debug\buff.obj
c:\users\jeongwoo\desktop\color war\trunk\server\color_server_f\color_server\debug\colorserver.obj
c:\users\jeongwoo\desktop\color war\trunk\server\color_server_f\color_server\debug\field.obj
c:\users\jeongwoo\desktop\color war\trunk\server\color_server_f\color_server\debug\fieldmanager.obj
c:\users\jeongwoo\desktop\color war\trunk\server\color_server_f\color_server\debug\gameprotocol.obj
c:\users\jeongwoo\desktop\color war\trunk\server\color_server_f\color_server\debug\iocp.obj
c:\users\jeongwoo\desktop\color war\trunk\server\color_server_f\color_server\debug\lobby.obj
c:\users\jeongwoo\desktop\color war\trunk\server\color_server_f\color_server\debug\mapobject.obj
c:\users\jeongwoo\desktop\color war\trunk\server\color_server_f\color_server\debug\monster.obj
c:\users\jeongwoo\desktop\color war\trunk\server\color_server_f\color_server\debug\monstermanager.obj
c:\users\jeongwoo\desktop\color war\trunk\server\color_server_f\color_server\debug\npc.obj
c:\users\jeongwoo\desktop\color war\trunk\server\color_server_f\color_server\debug\npcmanager.obj
c:\users\jeongwoo\desktop\color war\trunk\server\color_server_f\color_server\debug\object.obj
c:\users\jeongwoo\desktop\color war\trunk\server\color_server_f\color_server\debug\skill.obj
c:\users\jeongwoo\desktop\color war\trunk\server\color_server_f\color_server\debug\state.obj
c:\users\jeongwoo\desktop\color war\trunk\server\color_server_f\color_server\debug\statemanager.obj
c:\users\jeongwoo\desktop\color war\trunk\server\color_server_f\color_server\debug\user.obj
c:\users\jeongwoo\desktop\color war\trunk\server\color_server_f\color_server\debug\usermanager.obj
c:\users\jeongwoo\desktop\color war\trunk\server\color_server_f\color_server\debug\vc120.idb
c:\users\jeongwoo\desktop\color war\trunk\server\color_server_f\color_server\debug\vc120.pdb
c:\users\jeongwoo\desktop\color war\trunk\server\color_server_f\debug\color_server.pdb
c:\users\jeongwoo\desktop\color war\trunk\server\color_server_f\debug\color_server.exe
c:\users\jeongwoo\desktop\color war\trunk\server\color_server_f\debug\color_server.ilk
c:\users\jeongwoo\desktop\color war\trunk\server\color_server_f\color_server\debug\color_server.tlog\cl.command.1.tlog
c:\users\jeongwoo\desktop\color war\trunk\server\color_server_f\color_server\debug\color_server.tlog\cl.read.1.tlog
c:\users\jeongwoo\desktop\color war\trunk\server\color_server_f\color_server\debug\color_server.tlog\cl.write.1.tlog
c:\users\jeongwoo\desktop\color war\trunk\server\color_server_f\color_server\debug\color_server.tlog\link.command.1.tlog
c:\users\jeongwoo\desktop\color war\trunk\server\color_server_f\color_server\debug\color_server.tlog\link.read.1.tlog
c:\users\jeongwoo\desktop\color war\trunk\server\color_server_f\color_server\debug\color_server.tlog\link.write.1.tlog
